<?xml version="1.0" encoding="UTF-8"?>
<testng-results ignored="0" total="1" passed="1" failed="0" skipped="0">
  <reporter-output>
  </reporter-output>
  <suite started-at="2024-10-26T18:33:04 IST" name="Default suite" finished-at="2024-10-26T18:33:08 IST" duration-ms="4043">
    <groups>
    </groups>
    <test started-at="2024-10-26T18:33:04 IST" name="Default test" finished-at="2024-10-26T18:33:08 IST" duration-ms="4043">
      <class name="tests.DynamicTableTest">
        <test-method is-config="true" signature="setUp()[pri:0, instance:tests.DynamicTableTest@46cdf8bd]" started-at="2024-10-26T18:33:04 IST" name="setUp" finished-at="2024-10-26T18:33:07 IST" duration-ms="3188" status="PASS">
          <reporter-output>
          </reporter-output>
        </test-method> <!-- setUp -->
        <test-method signature="testPopulateInputAndRefresh()[pri:0, instance:tests.DynamicTableTest@46cdf8bd]" started-at="2024-10-26T18:33:07 IST" name="testPopulateInputAndRefresh" finished-at="2024-10-26T18:33:08 IST" duration-ms="821" status="PASS">
          <reporter-output>
          </reporter-output>
        </test-method> <!-- testPopulateInputAndRefresh -->
      </class> <!-- tests.DynamicTableTest -->
    </test> <!-- Default test -->
  </suite> <!-- Default suite -->
</testng-results>
